#! /usr/bin/vvp
:ivl_version "10.1 (stable)";
:ivl_delay_selection "TYPICAL";
:vpi_time_precision + 0;
:vpi_module "system";
:vpi_module "vhdl_sys";
:vpi_module "v2005_math";
:vpi_module "va_math";
S_0x7fffc4919950 .scope module, "mux_w" "mux_w" 2 1;
 .timescale 0 0;
    .port_info 0 /INPUT 32 "a"
    .port_info 1 /INPUT 32 "b"
    .port_info 2 /INPUT 1 "sel"
    .port_info 3 /OUTPUT 1 "out"
v0x7fffc4919b40_0 .net *"_s0", 31 0, L_0x7fffc4939fd0;  1 drivers
o0x7f42078f0048 .functor BUFZ 32, C4<zzzzzzzzzzzzzzzzzzzzzzzzzzzzzzzz>; HiZ drive
v0x7fffc4939c00_0 .net "a", 31 0, o0x7f42078f0048;  0 drivers
o0x7f42078f0078 .functor BUFZ 32, C4<zzzzzzzzzzzzzzzzzzzzzzzzzzzzzzzz>; HiZ drive
v0x7fffc4939ce0_0 .net "b", 31 0, o0x7f42078f0078;  0 drivers
v0x7fffc4939dd0_0 .net "out", 0 0, L_0x7fffc493a120;  1 drivers
o0x7f42078f00d8 .functor BUFZ 1, C4<z>; HiZ drive
v0x7fffc4939e90_0 .net "sel", 0 0, o0x7f42078f00d8;  0 drivers
L_0x7fffc4939fd0 .functor MUXZ 32, o0x7f42078f0078, o0x7f42078f0048, o0x7f42078f00d8, C4<>;
L_0x7fffc493a120 .part L_0x7fffc4939fd0, 0, 1;
# The file index is used to find the file name in the following table.
:file_names 3;
    "N/A";
    "<interactive>";
    "mux_writeback.v";
